0 info it worked if it ends with ok
1 verbose cli [ '/usr/local/bin/node',
1 verbose cli   '/usr/local/bin/npm',
1 verbose cli   'install',
1 verbose cli   'yargs',
1 verbose cli   '-a',
1 verbose cli   '26 park vale avenue' ]
2 info using npm@3.10.3
3 info using node@v6.5.0
4 silly loadCurrentTree Starting
5 silly install loadCurrentTree
6 silly install readLocalPackageData
7 silly fetchPackageMetaData yargs@^6.4.0
8 silly fetchPackageMetaData 26 park vale avenue
9 silly fetchNamedPackageData yargs
10 silly mapToRegistry name yargs
11 silly mapToRegistry using default registry
12 silly mapToRegistry registry https://registry.npmjs.org/
13 silly mapToRegistry data Result {
13 silly mapToRegistry   raw: 'yargs',
13 silly mapToRegistry   scope: null,
13 silly mapToRegistry   escapedName: 'yargs',
13 silly mapToRegistry   name: 'yargs',
13 silly mapToRegistry   rawSpec: '',
13 silly mapToRegistry   spec: 'latest',
13 silly mapToRegistry   type: 'tag' }
14 silly mapToRegistry uri https://registry.npmjs.org/yargs
15 silly fetchOtherPackageData 26 park vale avenue
16 silly cache add args [ '26 park vale avenue', null ]
17 verbose cache add spec 26 park vale avenue
18 silly cache add parsed spec Result {
18 silly cache add   raw: '26 park vale avenue',
18 silly cache add   scope: null,
18 silly cache add   escapedName: null,
18 silly cache add   name: null,
18 silly cache add   rawSpec: '26 park vale avenue',
18 silly cache add   spec: '/Users/ekaterina/Desktop/weather-app/26 park vale avenue',
18 silly cache add   type: 'local' }
19 error addLocal Could not install /Users/ekaterina/Desktop/weather-app/26 park vale avenue
20 silly fetchPackageMetaData Error: ENOENT: no such file or directory, open '/Users/ekaterina/Desktop/weather-app/26 park vale avenue'
20 silly fetchPackageMetaData     at Error (native)
20 silly fetchPackageMetaData  error for 26 park vale avenue { Error: ENOENT: no such file or directory, open '/Users/ekaterina/Desktop/weather-app/26 park vale avenue'
20 silly fetchPackageMetaData     at Error (native)
20 silly fetchPackageMetaData   errno: -2,
20 silly fetchPackageMetaData   code: 'ENOENT',
20 silly fetchPackageMetaData   syscall: 'open',
20 silly fetchPackageMetaData   path: '/Users/ekaterina/Desktop/weather-app/26 park vale avenue' }
21 verbose request uri https://registry.npmjs.org/yargs
22 verbose request no auth needed
23 info attempt registry request try #1 at 11:26:38 AM
24 verbose request id 86a4069ad5fc2197
25 verbose etag W/"5835a689-429e9"
26 verbose lastModified Wed, 23 Nov 2016 14:24:09 GMT
27 http request GET https://registry.npmjs.org/yargs
28 http 304 https://registry.npmjs.org/yargs
29 verbose headers { date: 'Wed, 23 Nov 2016 16:26:23 GMT',
29 verbose headers   via: '1.1 varnish',
29 verbose headers   'cache-control': 'max-age=300',
29 verbose headers   etag: 'W/"5835a689-429e9"',
29 verbose headers   age: '31',
29 verbose headers   connection: 'keep-alive',
29 verbose headers   'x-served-by': 'cache-bos8224-BOS',
29 verbose headers   'x-cache': 'HIT',
29 verbose headers   'x-cache-hits': '1',
29 verbose headers   'x-timer': 'S1479918383.371418,VS0,VE0',
29 verbose headers   vary: 'Accept-Encoding' }
30 silly get cb [ 304,
30 silly get   { date: 'Wed, 23 Nov 2016 16:26:23 GMT',
30 silly get     via: '1.1 varnish',
30 silly get     'cache-control': 'max-age=300',
30 silly get     etag: 'W/"5835a689-429e9"',
30 silly get     age: '31',
30 silly get     connection: 'keep-alive',
30 silly get     'x-served-by': 'cache-bos8224-BOS',
30 silly get     'x-cache': 'HIT',
30 silly get     'x-cache-hits': '1',
30 silly get     'x-timer': 'S1479918383.371418,VS0,VE0',
30 silly get     vary: 'Accept-Encoding' } ]
31 verbose etag https://registry.npmjs.org/yargs from cache
32 verbose get saving yargs to /Users/ekaterina/.npm/registry.npmjs.org/yargs/.cache.json
33 verbose correctMkdir /Users/ekaterina/.npm correctMkdir not in flight; initializing
34 silly rollbackFailedOptional Starting
35 silly rollbackFailedOptional Finishing
36 silly runTopLevelLifecycles Starting
37 silly runTopLevelLifecycles Finishing
38 silly install printInstalled
39 verbose stack Error: ENOENT: no such file or directory, open '/Users/ekaterina/Desktop/weather-app/26 park vale avenue'
39 verbose stack     at Error (native)
40 verbose cwd /Users/ekaterina/Desktop/weather-app
41 error Darwin 15.6.0
42 error argv "/usr/local/bin/node" "/usr/local/bin/npm" "install" "yargs" "-a" "26 park vale avenue"
43 error node v6.5.0
44 error npm  v3.10.3
45 error path /Users/ekaterina/Desktop/weather-app/26 park vale avenue
46 error code ENOENT
47 error errno -2
48 error syscall open
49 error enoent ENOENT: no such file or directory, open '/Users/ekaterina/Desktop/weather-app/26 park vale avenue'
50 error enoent ENOENT: no such file or directory, open '/Users/ekaterina/Desktop/weather-app/26 park vale avenue'
50 error enoent This is most likely not a problem with npm itself
50 error enoent and is related to npm not being able to find a file.
51 verbose exit [ -2, true ]
